[2017-01-07 15:01:09.462] [ERROR]-[org.quartz.core.JobRunShell.run(JobRunShell.java:211)] -- Job DEFAULT.J1220337269430 threw an unhandled Exception: 
java.lang.OutOfMemoryError: Java heap space
	at oracle.jdbc.driver.OracleStatement.prepareAccessors(OracleStatement.java:859)
	at oracle.jdbc.driver.OracleStatement.executeMaybeDescribe(OracleStatement.java:1038)
	at oracle.jdbc.driver.T4CPreparedStatement.executeMaybeDescribe(T4CPreparedStatement.java:835)
	at oracle.jdbc.driver.OracleStatement.doExecuteWithTimeout(OracleStatement.java:1123)
	at oracle.jdbc.driver.OraclePreparedStatement.executeInternal(OraclePreparedStatement.java:3284)
	at oracle.jdbc.driver.OraclePreparedStatement.executeQuery(OraclePreparedStatement.java:3328)
	at org.apache.commons.dbcp.DelegatingPreparedStatement.executeQuery(DelegatingPreparedStatement.java:92)
	at org.hibernate.jdbc.AbstractBatcher.getResultSet(AbstractBatcher.java:139)
	at org.hibernate.loader.Loader.getResultSet(Loader.java:1669)
	at org.hibernate.loader.Loader.doQuery(Loader.java:662)
	at org.hibernate.loader.Loader.doQueryAndInitializeNonLazyCollections(Loader.java:224)
	at org.hibernate.loader.Loader.doList(Loader.java:2145)
	at org.hibernate.loader.Loader.listIgnoreQueryCache(Loader.java:2029)
	at org.hibernate.loader.Loader.list(Loader.java:2024)
	at org.hibernate.hql.classic.QueryTranslatorImpl.list(QueryTranslatorImpl.java:887)
	at org.hibernate.engine.query.HQLQueryPlan.performList(HQLQueryPlan.java:153)
	at org.hibernate.impl.SessionImpl.list(SessionImpl.java:1106)
	at org.hibernate.impl.QueryImpl.list(QueryImpl.java:79)
	at org.springframework.orm.hibernate3.HibernateTemplate$29.doInHibernate(HibernateTemplate.java:832)
	at org.springframework.orm.hibernate3.HibernateTemplate.execute(HibernateTemplate.java:361)
	at org.springframework.orm.hibernate3.HibernateTemplate.find(HibernateTemplate.java:823)
	at org.springframework.orm.hibernate3.HibernateTemplate.find(HibernateTemplate.java:815)
	at com.wonders.esframework.common.dao.BaseHibernateDaoImpl.findList(BaseHibernateDaoImpl.java:271)
	at com.wonders.tdsc.bidder.dao.TdscBlockTranAppDao.findYxBlockList(TdscBlockTranAppDao.java:261)
	at com.wonders.wsjy.service.JobServer.checkYiXiangBlockInListingEndDate(JobServer.java:33)
	at com.wonders.tdsc.scheduler.task2job.CheckYxBlockJob.execute(CheckYxBlockJob.java:16)
	at org.quartz.core.JobRunShell.run(JobRunShell.java:202)
	at org.quartz.simpl.SimpleThreadPool$WorkerThread.run(SimpleThreadPool.java:531)
[2017-01-07 15:01:09.983] [ERROR]-[org.quartz.core.ErrorLogger.schedulerError(QuartzScheduler.java:2181)] -- Job (DEFAULT.J1220337269430 threw an exception.
org.quartz.SchedulerException: Job threw an unhandled exception. [See nested exception: java.lang.OutOfMemoryError: Java heap space]
	at org.quartz.core.JobRunShell.run(JobRunShell.java:213)
	at org.quartz.simpl.SimpleThreadPool$WorkerThread.run(SimpleThreadPool.java:531)
Caused by: java.lang.OutOfMemoryError: Java heap space
	at oracle.jdbc.driver.OracleStatement.prepareAccessors(OracleStatement.java:859)
	at oracle.jdbc.driver.OracleStatement.executeMaybeDescribe(OracleStatement.java:1038)
	at oracle.jdbc.driver.T4CPreparedStatement.executeMaybeDescribe(T4CPreparedStatement.java:835)
	at oracle.jdbc.driver.OracleStatement.doExecuteWithTimeout(OracleStatement.java:1123)
	at oracle.jdbc.driver.OraclePreparedStatement.executeInternal(OraclePreparedStatement.java:3284)
	at oracle.jdbc.driver.OraclePreparedStatement.executeQuery(OraclePreparedStatement.java:3328)
	at org.apache.commons.dbcp.DelegatingPreparedStatement.executeQuery(DelegatingPreparedStatement.java:92)
	at org.hibernate.jdbc.AbstractBatcher.getResultSet(AbstractBatcher.java:139)
	at org.hibernate.loader.Loader.getResultSet(Loader.java:1669)
	at org.hibernate.loader.Loader.doQuery(Loader.java:662)
	at org.hibernate.loader.Loader.doQueryAndInitializeNonLazyCollections(Loader.java:224)
	at org.hibernate.loader.Loader.doList(Loader.java:2145)
	at org.hibernate.loader.Loader.listIgnoreQueryCache(Loader.java:2029)
	at org.hibernate.loader.Loader.list(Loader.java:2024)
	at org.hibernate.hql.classic.QueryTranslatorImpl.list(QueryTranslatorImpl.java:887)
	at org.hibernate.engine.query.HQLQueryPlan.performList(HQLQueryPlan.java:153)
	at org.hibernate.impl.SessionImpl.list(SessionImpl.java:1106)
	at org.hibernate.impl.QueryImpl.list(QueryImpl.java:79)
	at org.springframework.orm.hibernate3.HibernateTemplate$29.doInHibernate(HibernateTemplate.java:832)
	at org.springframework.orm.hibernate3.HibernateTemplate.execute(HibernateTemplate.java:361)
	at org.springframework.orm.hibernate3.HibernateTemplate.find(HibernateTemplate.java:823)
	at org.springframework.orm.hibernate3.HibernateTemplate.find(HibernateTemplate.java:815)
	at com.wonders.esframework.common.dao.BaseHibernateDaoImpl.findList(BaseHibernateDaoImpl.java:271)
	at com.wonders.tdsc.bidder.dao.TdscBlockTranAppDao.findYxBlockList(TdscBlockTranAppDao.java:261)
	at com.wonders.wsjy.service.JobServer.checkYiXiangBlockInListingEndDate(JobServer.java:33)
	at com.wonders.tdsc.scheduler.task2job.CheckYxBlockJob.execute(CheckYxBlockJob.java:16)
	at org.quartz.core.JobRunShell.run(JobRunShell.java:202)
	... 1 more
[2017-01-07 15:38:16.154] [ERROR]-[org.quartz.core.JobRunShell.run(JobRunShell.java:211)] -- Job DEFAULT.J1220337269430 threw an unhandled Exception: 
java.lang.OutOfMemoryError: Java heap space
[2017-01-07 15:38:17.920] [ERROR]-[org.quartz.core.ErrorLogger.schedulerError(QuartzScheduler.java:2181)] -- Job (DEFAULT.J1220337269430 threw an exception.
org.quartz.SchedulerException: Job threw an unhandled exception. [See nested exception: java.lang.OutOfMemoryError: Java heap space]
	at org.quartz.core.JobRunShell.run(JobRunShell.java:213)
	at org.quartz.simpl.SimpleThreadPool$WorkerThread.run(SimpleThreadPool.java:531)
Caused by: java.lang.OutOfMemoryError: Java heap space
[2017-01-07 16:01:03.408] [ERROR]-[org.quartz.core.JobRunShell.run(JobRunShell.java:211)] -- Job DEFAULT.J1220337269430 threw an unhandled Exception: 
java.lang.OutOfMemoryError: Java heap space
[2017-01-07 16:01:08.227] [ERROR]-[org.quartz.core.ErrorLogger.schedulerError(QuartzScheduler.java:2181)] -- Job (DEFAULT.J1220337269430 threw an exception.
org.quartz.SchedulerException: Job threw an unhandled exception. [See nested exception: java.lang.OutOfMemoryError: Java heap space]
	at org.quartz.core.JobRunShell.run(JobRunShell.java:213)
	at org.quartz.simpl.SimpleThreadPool$WorkerThread.run(SimpleThreadPool.java:531)
Caused by: java.lang.OutOfMemoryError: Java heap space
[2017-01-07 20:46:52.298] [ERROR]-[org.quartz.core.JobRunShell.run(JobRunShell.java:211)] -- Job DEFAULT.J1220337269430 threw an unhandled Exception: 
java.lang.OutOfMemoryError: Java heap space
[2017-01-07 20:46:55.391] [ERROR]-[org.quartz.core.ErrorLogger.schedulerError(QuartzScheduler.java:2181)] -- Job (DEFAULT.J1220337269430 threw an exception.
org.quartz.SchedulerException: Job threw an unhandled exception. [See nested exception: java.lang.OutOfMemoryError: Java heap space]
	at org.quartz.core.JobRunShell.run(JobRunShell.java:213)
	at org.quartz.simpl.SimpleThreadPool$WorkerThread.run(SimpleThreadPool.java:531)
Caused by: java.lang.OutOfMemoryError: Java heap space
[2017-01-07 20:59:00.051] [ERROR]-[org.quartz.core.JobRunShell.run(JobRunShell.java:211)] -- Job DEFAULT.J1220337269430 threw an unhandled Exception: 
java.lang.NullPointerException
	at com.wonders.wsjy.service.JobServer.<init>(JobServer.java:23)
	at com.wonders.tdsc.scheduler.task2job.CheckYxBlockJob.execute(CheckYxBlockJob.java:15)
	at org.quartz.core.JobRunShell.run(JobRunShell.java:202)
	at org.quartz.simpl.SimpleThreadPool$WorkerThread.run(SimpleThreadPool.java:531)
[2017-01-07 20:59:00.076] [ERROR]-[org.quartz.core.ErrorLogger.schedulerError(QuartzScheduler.java:2181)] -- Job (DEFAULT.J1220337269430 threw an exception.
org.quartz.SchedulerException: Job threw an unhandled exception. [See nested exception: java.lang.NullPointerException]
	at org.quartz.core.JobRunShell.run(JobRunShell.java:213)
	at org.quartz.simpl.SimpleThreadPool$WorkerThread.run(SimpleThreadPool.java:531)
Caused by: java.lang.NullPointerException
	at com.wonders.wsjy.service.JobServer.<init>(JobServer.java:23)
	at com.wonders.tdsc.scheduler.task2job.CheckYxBlockJob.execute(CheckYxBlockJob.java:15)
	at org.quartz.core.JobRunShell.run(JobRunShell.java:202)
	... 1 more
[2017-01-08 14:36:00.066] [ERROR]-[org.quartz.core.JobRunShell.run(JobRunShell.java:211)] -- Job DEFAULT.J1220337269430 threw an unhandled Exception: 
java.lang.NullPointerException
	at com.wonders.wsjy.service.JobServer.<init>(JobServer.java:23)
	at com.wonders.tdsc.scheduler.task2job.CheckYxBlockJob.execute(CheckYxBlockJob.java:15)
	at org.quartz.core.JobRunShell.run(JobRunShell.java:202)
	at org.quartz.simpl.SimpleThreadPool$WorkerThread.run(SimpleThreadPool.java:531)
[2017-01-08 14:36:00.079] [ERROR]-[org.quartz.core.ErrorLogger.schedulerError(QuartzScheduler.java:2181)] -- Job (DEFAULT.J1220337269430 threw an exception.
org.quartz.SchedulerException: Job threw an unhandled exception. [See nested exception: java.lang.NullPointerException]
	at org.quartz.core.JobRunShell.run(JobRunShell.java:213)
	at org.quartz.simpl.SimpleThreadPool$WorkerThread.run(SimpleThreadPool.java:531)
Caused by: java.lang.NullPointerException
	at com.wonders.wsjy.service.JobServer.<init>(JobServer.java:23)
	at com.wonders.tdsc.scheduler.task2job.CheckYxBlockJob.execute(CheckYxBlockJob.java:15)
	at org.quartz.core.JobRunShell.run(JobRunShell.java:202)
	... 1 more
[2017-02-17 10:08:48.401] [ERROR]-[org.apache.struts.actions.DispatchAction.dispatchMethod(DispatchAction.java:267)] -- Action[/android/monitor] does not contain method named 'NoticeList'
java.lang.NoSuchMethodException: com.wonders.android.web.MonitorAction.NoticeList(org.apache.struts.action.ActionMapping, org.apache.struts.action.ActionForm, javax.servlet.http.HttpServletRequest, javax.servlet.http.HttpServletResponse)
	at java.lang.Class.getMethod(Class.java:1786)
	at org.apache.struts.actions.DispatchAction.getMethod(DispatchAction.java:322)
	at org.apache.struts.actions.DispatchAction.dispatchMethod(DispatchAction.java:262)
	at org.apache.struts.actions.DispatchAction.execute(DispatchAction.java:194)
	at org.springframework.web.struts.DelegatingActionProxy.execute(DelegatingActionProxy.java:106)
	at org.apache.struts.action.RequestProcessor.processActionPerform(RequestProcessor.java:419)
	at org.apache.struts.action.RequestProcessor.process(RequestProcessor.java:224)
	at org.apache.struts.action.ActionServlet.process(ActionServlet.java:1196)
	at com.wonders.esframework.common.servlet.EncodingActionServlet.process(EncodingActionServlet.java:19)
	at org.apache.struts.action.ActionServlet.doGet(ActionServlet.java:414)
	at javax.servlet.http.HttpServlet.service(HttpServlet.java:620)
	at javax.servlet.http.HttpServlet.service(HttpServlet.java:727)
	at org.apache.catalina.core.ApplicationFilterChain.internalDoFilter(ApplicationFilterChain.java:303)
	at org.apache.catalina.core.ApplicationFilterChain.doFilter(ApplicationFilterChain.java:208)
	at org.apache.tomcat.websocket.server.WsFilter.doFilter(WsFilter.java:52)
	at org.apache.catalina.core.ApplicationFilterChain.internalDoFilter(ApplicationFilterChain.java:241)
	at org.apache.catalina.core.ApplicationFilterChain.doFilter(ApplicationFilterChain.java:208)
	at org.apache.catalina.core.StandardWrapperValve.invoke(StandardWrapperValve.java:220)
	at org.apache.catalina.core.StandardContextValve.invoke(StandardContextValve.java:122)
	at org.apache.catalina.authenticator.AuthenticatorBase.invoke(AuthenticatorBase.java:504)
	at org.apache.catalina.core.StandardHostValve.invoke(StandardHostValve.java:170)
	at org.apache.catalina.valves.ErrorReportValve.invoke(ErrorReportValve.java:103)
	at org.apache.catalina.valves.AccessLogValve.invoke(AccessLogValve.java:950)
	at org.apache.catalina.core.StandardEngineValve.invoke(StandardEngineValve.java:116)
	at org.apache.catalina.connector.CoyoteAdapter.service(CoyoteAdapter.java:421)
	at org.apache.coyote.http11.AbstractHttp11Processor.process(AbstractHttp11Processor.java:1074)
	at org.apache.coyote.AbstractProtocol$AbstractConnectionHandler.process(AbstractProtocol.java:611)
	at org.apache.tomcat.util.net.JIoEndpoint$SocketProcessor.run(JIoEndpoint.java:314)
	at java.util.concurrent.ThreadPoolExecutor.runWorker(ThreadPoolExecutor.java:1142)
	at java.util.concurrent.ThreadPoolExecutor$Worker.run(ThreadPoolExecutor.java:617)
	at org.apache.tomcat.util.threads.TaskThread$WrappingRunnable.run(TaskThread.java:61)
	at java.lang.Thread.run(Thread.java:745)
[2017-02-17 10:08:51.121] [ERROR]-[org.apache.struts.actions.DispatchAction.dispatchMethod(DispatchAction.java:267)] -- Action[/android/monitor] does not contain method named 'noticeList'
java.lang.NoSuchMethodException: com.wonders.android.web.MonitorAction.noticeList(org.apache.struts.action.ActionMapping, org.apache.struts.action.ActionForm, javax.servlet.http.HttpServletRequest, javax.servlet.http.HttpServletResponse)
	at java.lang.Class.getMethod(Class.java:1786)
	at org.apache.struts.actions.DispatchAction.getMethod(DispatchAction.java:322)
	at org.apache.struts.actions.DispatchAction.dispatchMethod(DispatchAction.java:262)
	at org.apache.struts.actions.DispatchAction.execute(DispatchAction.java:194)
	at org.springframework.web.struts.DelegatingActionProxy.execute(DelegatingActionProxy.java:106)
	at org.apache.struts.action.RequestProcessor.processActionPerform(RequestProcessor.java:419)
	at org.apache.struts.action.RequestProcessor.process(RequestProcessor.java:224)
	at org.apache.struts.action.ActionServlet.process(ActionServlet.java:1196)
	at com.wonders.esframework.common.servlet.EncodingActionServlet.process(EncodingActionServlet.java:19)
	at org.apache.struts.action.ActionServlet.doGet(ActionServlet.java:414)
	at javax.servlet.http.HttpServlet.service(HttpServlet.java:620)
	at javax.servlet.http.HttpServlet.service(HttpServlet.java:727)
	at org.apache.catalina.core.ApplicationFilterChain.internalDoFilter(ApplicationFilterChain.java:303)
	at org.apache.catalina.core.ApplicationFilterChain.doFilter(ApplicationFilterChain.java:208)
	at org.apache.tomcat.websocket.server.WsFilter.doFilter(WsFilter.java:52)
	at org.apache.catalina.core.ApplicationFilterChain.internalDoFilter(ApplicationFilterChain.java:241)
	at org.apache.catalina.core.ApplicationFilterChain.doFilter(ApplicationFilterChain.java:208)
	at org.apache.catalina.core.StandardWrapperValve.invoke(StandardWrapperValve.java:220)
	at org.apache.catalina.core.StandardContextValve.invoke(StandardContextValve.java:122)
	at org.apache.catalina.authenticator.AuthenticatorBase.invoke(AuthenticatorBase.java:504)
	at org.apache.catalina.core.StandardHostValve.invoke(StandardHostValve.java:170)
	at org.apache.catalina.valves.ErrorReportValve.invoke(ErrorReportValve.java:103)
	at org.apache.catalina.valves.AccessLogValve.invoke(AccessLogValve.java:950)
	at org.apache.catalina.core.StandardEngineValve.invoke(StandardEngineValve.java:116)
	at org.apache.catalina.connector.CoyoteAdapter.service(CoyoteAdapter.java:421)
	at org.apache.coyote.http11.AbstractHttp11Processor.process(AbstractHttp11Processor.java:1074)
	at org.apache.coyote.AbstractProtocol$AbstractConnectionHandler.process(AbstractProtocol.java:611)
	at org.apache.tomcat.util.net.JIoEndpoint$SocketProcessor.run(JIoEndpoint.java:316)
	at java.util.concurrent.ThreadPoolExecutor.runWorker(ThreadPoolExecutor.java:1142)
	at java.util.concurrent.ThreadPoolExecutor$Worker.run(ThreadPoolExecutor.java:617)
	at org.apache.tomcat.util.threads.TaskThread$WrappingRunnable.run(TaskThread.java:61)
	at java.lang.Thread.run(Thread.java:745)
[2017-02-17 10:09:00.434] [ERROR]-[org.apache.struts.action.RequestProcessor.processMapping(RequestProcessor.java:664)] -- Invalid path was requested /wsjy/android/monitor
[2017-02-17 10:09:04.503] [ERROR]-[org.apache.struts.actions.DispatchAction.dispatchMethod(DispatchAction.java:267)] -- Action[/android/monitor] does not contain method named 'noticeList'
java.lang.NoSuchMethodException: com.wonders.android.web.MonitorAction.noticeList(org.apache.struts.action.ActionMapping, org.apache.struts.action.ActionForm, javax.servlet.http.HttpServletRequest, javax.servlet.http.HttpServletResponse)
	at java.lang.Class.getMethod(Class.java:1786)
	at org.apache.struts.actions.DispatchAction.getMethod(DispatchAction.java:322)
	at org.apache.struts.actions.DispatchAction.dispatchMethod(DispatchAction.java:262)
	at org.apache.struts.actions.DispatchAction.execute(DispatchAction.java:194)
	at org.springframework.web.struts.DelegatingActionProxy.execute(DelegatingActionProxy.java:106)
	at org.apache.struts.action.RequestProcessor.processActionPerform(RequestProcessor.java:419)
	at org.apache.struts.action.RequestProcessor.process(RequestProcessor.java:224)
	at org.apache.struts.action.ActionServlet.process(ActionServlet.java:1196)
	at com.wonders.esframework.common.servlet.EncodingActionServlet.process(EncodingActionServlet.java:19)
	at org.apache.struts.action.ActionServlet.doGet(ActionServlet.java:414)
	at javax.servlet.http.HttpServlet.service(HttpServlet.java:620)
	at javax.servlet.http.HttpServlet.service(HttpServlet.java:727)
	at org.apache.catalina.core.ApplicationFilterChain.internalDoFilter(ApplicationFilterChain.java:303)
	at org.apache.catalina.core.ApplicationFilterChain.doFilter(ApplicationFilterChain.java:208)
	at org.apache.tomcat.websocket.server.WsFilter.doFilter(WsFilter.java:52)
	at org.apache.catalina.core.ApplicationFilterChain.internalDoFilter(ApplicationFilterChain.java:241)
	at org.apache.catalina.core.ApplicationFilterChain.doFilter(ApplicationFilterChain.java:208)
	at org.apache.catalina.core.StandardWrapperValve.invoke(StandardWrapperValve.java:220)
	at org.apache.catalina.core.StandardContextValve.invoke(StandardContextValve.java:122)
	at org.apache.catalina.authenticator.AuthenticatorBase.invoke(AuthenticatorBase.java:504)
	at org.apache.catalina.core.StandardHostValve.invoke(StandardHostValve.java:170)
	at org.apache.catalina.valves.ErrorReportValve.invoke(ErrorReportValve.java:103)
	at org.apache.catalina.valves.AccessLogValve.invoke(AccessLogValve.java:950)
	at org.apache.catalina.core.StandardEngineValve.invoke(StandardEngineValve.java:116)
	at org.apache.catalina.connector.CoyoteAdapter.service(CoyoteAdapter.java:421)
	at org.apache.coyote.http11.AbstractHttp11Processor.process(AbstractHttp11Processor.java:1074)
	at org.apache.coyote.AbstractProtocol$AbstractConnectionHandler.process(AbstractProtocol.java:611)
	at org.apache.tomcat.util.net.JIoEndpoint$SocketProcessor.run(JIoEndpoint.java:316)
	at java.util.concurrent.ThreadPoolExecutor.runWorker(ThreadPoolExecutor.java:1142)
	at java.util.concurrent.ThreadPoolExecutor$Worker.run(ThreadPoolExecutor.java:617)
	at org.apache.tomcat.util.threads.TaskThread$WrappingRunnable.run(TaskThread.java:61)
	at java.lang.Thread.run(Thread.java:745)
[2017-02-17 10:14:00.023] [ERROR]-[org.quartz.core.JobRunShell.run(JobRunShell.java:211)] -- Job DEFAULT.J1220337269430 threw an unhandled Exception: 
java.lang.NullPointerException
	at com.wonders.wsjy.service.JobServer.<init>(JobServer.java:23)
	at com.wonders.tdsc.scheduler.task2job.CheckYxBlockJob.execute(CheckYxBlockJob.java:15)
	at org.quartz.core.JobRunShell.run(JobRunShell.java:202)
	at org.quartz.simpl.SimpleThreadPool$WorkerThread.run(SimpleThreadPool.java:531)
[2017-02-17 10:14:00.038] [ERROR]-[org.quartz.core.ErrorLogger.schedulerError(QuartzScheduler.java:2181)] -- Job (DEFAULT.J1220337269430 threw an exception.
org.quartz.SchedulerException: Job threw an unhandled exception. [See nested exception: java.lang.NullPointerException]
	at org.quartz.core.JobRunShell.run(JobRunShell.java:213)
	at org.quartz.simpl.SimpleThreadPool$WorkerThread.run(SimpleThreadPool.java:531)
Caused by: java.lang.NullPointerException
	at com.wonders.wsjy.service.JobServer.<init>(JobServer.java:23)
	at com.wonders.tdsc.scheduler.task2job.CheckYxBlockJob.execute(CheckYxBlockJob.java:15)
	at org.quartz.core.JobRunShell.run(JobRunShell.java:202)
	... 1 more
[2017-02-27 00:05:18.634] [ERROR]-[org.hibernate.util.JDBCExceptionReporter.logExceptions(JDBCExceptionReporter.java:72)] -- Cannot create PoolableConnectionFactory (Io 异常: The Network Adapter could not establish the connection)
[2017-02-27 00:05:23.921] [ERROR]-[org.hibernate.util.JDBCExceptionReporter.logExceptions(JDBCExceptionReporter.java:72)] -- Cannot create PoolableConnectionFactory (Io 异常: The Network Adapter could not establish the connection)
[2017-02-27 00:05:23.925] [ERROR]-[org.hibernate.util.JDBCExceptionReporter.logExceptions(JDBCExceptionReporter.java:72)] -- Cannot create PoolableConnectionFactory (Io 异常: The Network Adapter could not establish the connection)
[2017-02-27 00:05:24.932] [ERROR]-[org.hibernate.util.JDBCExceptionReporter.logExceptions(JDBCExceptionReporter.java:72)] -- Cannot create PoolableConnectionFactory (Io 异常: The Network Adapter could not establish the connection)
[2017-02-27 00:05:24.933] [ERROR]-[org.hibernate.util.JDBCExceptionReporter.logExceptions(JDBCExceptionReporter.java:72)] -- Cannot create PoolableConnectionFactory (Io 异常: The Network Adapter could not establish the connection)
[2017-02-27 00:05:26.065] [ERROR]-[org.hibernate.util.JDBCExceptionReporter.logExceptions(JDBCExceptionReporter.java:72)] -- Cannot create PoolableConnectionFactory (Io 异常: The Network Adapter could not establish the connection)
[2017-02-27 00:05:26.066] [ERROR]-[org.hibernate.util.JDBCExceptionReporter.logExceptions(JDBCExceptionReporter.java:72)] -- Cannot create PoolableConnectionFactory (Io 异常: The Network Adapter could not establish the connection)
[2017-02-27 00:05:27.060] [ERROR]-[org.hibernate.util.JDBCExceptionReporter.logExceptions(JDBCExceptionReporter.java:72)] -- Cannot create PoolableConnectionFactory (Io 异常: The Network Adapter could not establish the connection)
[2017-02-27 00:05:27.061] [ERROR]-[org.hibernate.util.JDBCExceptionReporter.logExceptions(JDBCExceptionReporter.java:72)] -- Cannot create PoolableConnectionFactory (Io 异常: The Network Adapter could not establish the connection)
[2017-02-27 00:06:01.145] [ERROR]-[org.hibernate.util.JDBCExceptionReporter.logExceptions(JDBCExceptionReporter.java:72)] -- Cannot create PoolableConnectionFactory (Io 异常: The Network Adapter could not establish the connection)
[2017-02-27 00:06:01.149] [ERROR]-[org.hibernate.util.JDBCExceptionReporter.logExceptions(JDBCExceptionReporter.java:72)] -- Cannot create PoolableConnectionFactory (Io 异常: The Network Adapter could not establish the connection)
[2017-02-27 00:06:01.159] [ERROR]-[org.quartz.core.JobRunShell.run(JobRunShell.java:211)] -- Job DEFAULT.J1220337269430 threw an unhandled Exception: 
org.springframework.orm.hibernate3.HibernateJdbcException: JDBC exception on Hibernate data access: Cannot open connection; nested exception is org.apache.commons.dbcp.SQLNestedException: Cannot create PoolableConnectionFactory (Io 异常: The Network Adapter could not establish the connection)
Caused by: 
org.apache.commons.dbcp.SQLNestedException: Cannot create PoolableConnectionFactory (Io 异常: The Network Adapter could not establish the connection)
	at org.apache.commons.dbcp.BasicDataSource.createDataSource(BasicDataSource.java:855)
	at org.apache.commons.dbcp.BasicDataSource.getConnection(BasicDataSource.java:540)
	at org.springframework.orm.hibernate3.LocalDataSourceConnectionProvider.getConnection(LocalDataSourceConnectionProvider.java:81)
	at org.hibernate.jdbc.ConnectionManager.openConnection(ConnectionManager.java:417)
	at org.hibernate.jdbc.ConnectionManager.getConnection(ConnectionManager.java:144)
	at org.hibernate.jdbc.AbstractBatcher.prepareQueryStatement(AbstractBatcher.java:105)
	at org.hibernate.loader.Loader.prepareQueryStatement(Loader.java:1561)
	at org.hibernate.loader.Loader.doQuery(Loader.java:661)
	at org.hibernate.loader.Loader.doQueryAndInitializeNonLazyCollections(Loader.java:224)
	at org.hibernate.loader.Loader.doList(Loader.java:2145)
	at org.hibernate.loader.Loader.listIgnoreQueryCache(Loader.java:2029)
	at org.hibernate.loader.Loader.list(Loader.java:2024)
	at org.hibernate.hql.classic.QueryTranslatorImpl.list(QueryTranslatorImpl.java:887)
	at org.hibernate.engine.query.HQLQueryPlan.performList(HQLQueryPlan.java:153)
	at org.hibernate.impl.SessionImpl.list(SessionImpl.java:1106)
	at org.hibernate.impl.QueryImpl.list(QueryImpl.java:79)
	at org.springframework.orm.hibernate3.HibernateTemplate$29.doInHibernate(HibernateTemplate.java:832)
	at org.springframework.orm.hibernate3.HibernateTemplate.execute(HibernateTemplate.java:361)
	at org.springframework.orm.hibernate3.HibernateTemplate.find(HibernateTemplate.java:823)
	at org.springframework.orm.hibernate3.HibernateTemplate.find(HibernateTemplate.java:815)
	at com.wonders.esframework.common.dao.BaseHibernateDaoImpl.findList(BaseHibernateDaoImpl.java:271)
	at com.wonders.tdsc.bidder.dao.TdscBlockTranAppDao.findYxBlockList(TdscBlockTranAppDao.java:261)
	at com.wonders.wsjy.service.JobServer.checkYiXiangBlockInListingEndDate(JobServer.java:33)
	at com.wonders.tdsc.scheduler.task2job.CheckYxBlockJob.execute(CheckYxBlockJob.java:16)
	at org.quartz.core.JobRunShell.run(JobRunShell.java:202)
	at org.quartz.simpl.SimpleThreadPool$WorkerThread.run(SimpleThreadPool.java:531)
Caused by: java.sql.SQLException: Io 异常: The Network Adapter could not establish the connection
	at oracle.jdbc.driver.DatabaseError.throwSqlException(DatabaseError.java:111)
	at oracle.jdbc.driver.DatabaseError.throwSqlException(DatabaseError.java:145)
	at oracle.jdbc.driver.DatabaseError.throwSqlException(DatabaseError.java:254)
	at oracle.jdbc.driver.T4CConnection.logon(T4CConnection.java:386)
	at oracle.jdbc.driver.PhysicalConnection.<init>(PhysicalConnection.java:413)
	at oracle.jdbc.driver.T4CConnection.<init>(T4CConnection.java:164)
	at oracle.jdbc.driver.T4CDriverExtension.getConnection(T4CDriverExtension.java:34)
	at oracle.jdbc.driver.OracleDriver.connect(OracleDriver.java:752)
	at org.apache.commons.dbcp.DriverConnectionFactory.createConnection(DriverConnectionFactory.java:37)
	at org.apache.commons.dbcp.PoolableConnectionFactory.makeObject(PoolableConnectionFactory.java:290)
	at org.apache.commons.dbcp.BasicDataSource.validateConnectionFactory(BasicDataSource.java:877)
	at org.apache.commons.dbcp.BasicDataSource.createDataSource(BasicDataSource.java:851)
	... 25 more
[2017-02-27 00:06:01.168] [ERROR]-[org.quartz.core.ErrorLogger.schedulerError(QuartzScheduler.java:2181)] -- Job (DEFAULT.J1220337269430 threw an exception.
org.quartz.SchedulerException: Job threw an unhandled exception. [See nested exception: org.springframework.orm.hibernate3.HibernateJdbcException: JDBC exception on Hibernate data access: Cannot open connection; nested exception is org.apache.commons.dbcp.SQLNestedException: Cannot create PoolableConnectionFactory (Io 异常: The Network Adapter could not establish the connection)]
	at org.quartz.core.JobRunShell.run(JobRunShell.java:213)
	at org.quartz.simpl.SimpleThreadPool$WorkerThread.run(SimpleThreadPool.java:531)
Caused by: org.springframework.orm.hibernate3.HibernateJdbcException: JDBC exception on Hibernate data access: Cannot open connection; nested exception is org.apache.commons.dbcp.SQLNestedException: Cannot create PoolableConnectionFactory (Io 异常: The Network Adapter could not establish the connection)
	at org.springframework.orm.hibernate3.SessionFactoryUtils.convertHibernateAccessException(SessionFactoryUtils.java:633)
	at org.springframework.orm.hibernate3.HibernateAccessor.convertHibernateAccessException(HibernateAccessor.java:407)
	at org.springframework.orm.hibernate3.HibernateTemplate.execute(HibernateTemplate.java:366)
	at org.springframework.orm.hibernate3.HibernateTemplate.find(HibernateTemplate.java:823)
	at org.springframework.orm.hibernate3.HibernateTemplate.find(HibernateTemplate.java:815)
	at com.wonders.esframework.common.dao.BaseHibernateDaoImpl.findList(BaseHibernateDaoImpl.java:271)
	at com.wonders.tdsc.bidder.dao.TdscBlockTranAppDao.findYxBlockList(TdscBlockTranAppDao.java:261)
	at com.wonders.wsjy.service.JobServer.checkYiXiangBlockInListingEndDate(JobServer.java:33)
	at com.wonders.tdsc.scheduler.task2job.CheckYxBlockJob.execute(CheckYxBlockJob.java:16)
	at org.quartz.core.JobRunShell.run(JobRunShell.java:202)
	... 1 more
Caused by: org.apache.commons.dbcp.SQLNestedException: Cannot create PoolableConnectionFactory (Io 异常: The Network Adapter could not establish the connection)
	at org.apache.commons.dbcp.BasicDataSource.createDataSource(BasicDataSource.java:855)
	at org.apache.commons.dbcp.BasicDataSource.getConnection(BasicDataSource.java:540)
	at org.springframework.orm.hibernate3.LocalDataSourceConnectionProvider.getConnection(LocalDataSourceConnectionProvider.java:81)
	at org.hibernate.jdbc.ConnectionManager.openConnection(ConnectionManager.java:417)
	at org.hibernate.jdbc.ConnectionManager.getConnection(ConnectionManager.java:144)
	at org.hibernate.jdbc.AbstractBatcher.prepareQueryStatement(AbstractBatcher.java:105)
	at org.hibernate.loader.Loader.prepareQueryStatement(Loader.java:1561)
	at org.hibernate.loader.Loader.doQuery(Loader.java:661)
	at org.hibernate.loader.Loader.doQueryAndInitializeNonLazyCollections(Loader.java:224)
	at org.hibernate.loader.Loader.doList(Loader.java:2145)
	at org.hibernate.loader.Loader.listIgnoreQueryCache(Loader.java:2029)
	at org.hibernate.loader.Loader.list(Loader.java:2024)
	at org.hibernate.hql.classic.QueryTranslatorImpl.list(QueryTranslatorImpl.java:887)
	at org.hibernate.engine.query.HQLQueryPlan.performList(HQLQueryPlan.java:153)
	at org.hibernate.impl.SessionImpl.list(SessionImpl.java:1106)
	at org.hibernate.impl.QueryImpl.list(QueryImpl.java:79)
	at org.springframework.orm.hibernate3.HibernateTemplate$29.doInHibernate(HibernateTemplate.java:832)
	at org.springframework.orm.hibernate3.HibernateTemplate.execute(HibernateTemplate.java:361)
	... 8 more
Caused by: java.sql.SQLException: Io 异常: The Network Adapter could not establish the connection
	at oracle.jdbc.driver.DatabaseError.throwSqlException(DatabaseError.java:111)
	at oracle.jdbc.driver.DatabaseError.throwSqlException(DatabaseError.java:145)
	at oracle.jdbc.driver.DatabaseError.throwSqlException(DatabaseError.java:254)
	at oracle.jdbc.driver.T4CConnection.logon(T4CConnection.java:386)
	at oracle.jdbc.driver.PhysicalConnection.<init>(PhysicalConnection.java:413)
	at oracle.jdbc.driver.T4CConnection.<init>(T4CConnection.java:164)
	at oracle.jdbc.driver.T4CDriverExtension.getConnection(T4CDriverExtension.java:34)
	at oracle.jdbc.driver.OracleDriver.connect(OracleDriver.java:752)
	at org.apache.commons.dbcp.DriverConnectionFactory.createConnection(DriverConnectionFactory.java:37)
	at org.apache.commons.dbcp.PoolableConnectionFactory.makeObject(PoolableConnectionFactory.java:290)
	at org.apache.commons.dbcp.BasicDataSource.validateConnectionFactory(BasicDataSource.java:877)
	at org.apache.commons.dbcp.BasicDataSource.createDataSource(BasicDataSource.java:851)
	... 25 more
[2017-02-27 16:47:00.038] [ERROR]-[org.quartz.core.JobRunShell.run(JobRunShell.java:211)] -- Job DEFAULT.J1220337269430 threw an unhandled Exception: 
java.lang.NullPointerException
	at com.wonders.wsjy.service.JobServer.<init>(JobServer.java:23)
	at com.wonders.tdsc.scheduler.task2job.CheckYxBlockJob.execute(CheckYxBlockJob.java:15)
	at org.quartz.core.JobRunShell.run(JobRunShell.java:202)
	at org.quartz.simpl.SimpleThreadPool$WorkerThread.run(SimpleThreadPool.java:531)
[2017-02-27 16:47:00.108] [ERROR]-[org.quartz.core.ErrorLogger.schedulerError(QuartzScheduler.java:2181)] -- Job (DEFAULT.J1220337269430 threw an exception.
org.quartz.SchedulerException: Job threw an unhandled exception. [See nested exception: java.lang.NullPointerException]
	at org.quartz.core.JobRunShell.run(JobRunShell.java:213)
	at org.quartz.simpl.SimpleThreadPool$WorkerThread.run(SimpleThreadPool.java:531)
Caused by: java.lang.NullPointerException
	at com.wonders.wsjy.service.JobServer.<init>(JobServer.java:23)
	at com.wonders.tdsc.scheduler.task2job.CheckYxBlockJob.execute(CheckYxBlockJob.java:15)
	at org.quartz.core.JobRunShell.run(JobRunShell.java:202)
	... 1 more
[2017-02-27 16:49:09.219] [ERROR]-[org.hibernate.util.JDBCExceptionReporter.logExceptions(JDBCExceptionReporter.java:72)] -- ORA-00942: ???????

[2017-02-27 16:49:14.936] [ERROR]-[org.hibernate.util.JDBCExceptionReporter.logExceptions(JDBCExceptionReporter.java:72)] -- ORA-00942: ???????

[2017-02-27 17:06:09.782] [ERROR]-[org.hibernate.util.JDBCExceptionReporter.logExceptions(JDBCExceptionReporter.java:72)] -- ORA-00942: ???????

[2017-03-01 13:21:50.648] [ERROR]-[org.apache.struts.actions.DispatchAction.dispatchMethod(DispatchAction.java:267)] -- Action[/android/monitor] does not contain method named 'noticeList'
java.lang.NoSuchMethodException: com.wonders.android.web.MonitorAction.noticeList(org.apache.struts.action.ActionMapping, org.apache.struts.action.ActionForm, javax.servlet.http.HttpServletRequest, javax.servlet.http.HttpServletResponse)
	at java.lang.Class.getMethod(Class.java:1786)
	at org.apache.struts.actions.DispatchAction.getMethod(DispatchAction.java:322)
	at org.apache.struts.actions.DispatchAction.dispatchMethod(DispatchAction.java:262)
	at org.apache.struts.actions.DispatchAction.execute(DispatchAction.java:194)
	at org.springframework.web.struts.DelegatingActionProxy.execute(DelegatingActionProxy.java:106)
	at org.apache.struts.action.RequestProcessor.processActionPerform(RequestProcessor.java:419)
	at org.apache.struts.action.RequestProcessor.process(RequestProcessor.java:224)
	at org.apache.struts.action.ActionServlet.process(ActionServlet.java:1196)
	at com.wonders.esframework.common.servlet.EncodingActionServlet.process(EncodingActionServlet.java:19)
	at org.apache.struts.action.ActionServlet.doGet(ActionServlet.java:414)
	at javax.servlet.http.HttpServlet.service(HttpServlet.java:620)
	at javax.servlet.http.HttpServlet.service(HttpServlet.java:727)
	at org.apache.catalina.core.ApplicationFilterChain.internalDoFilter(ApplicationFilterChain.java:303)
	at org.apache.catalina.core.ApplicationFilterChain.doFilter(ApplicationFilterChain.java:208)
	at org.apache.tomcat.websocket.server.WsFilter.doFilter(WsFilter.java:52)
	at org.apache.catalina.core.ApplicationFilterChain.internalDoFilter(ApplicationFilterChain.java:241)
	at org.apache.catalina.core.ApplicationFilterChain.doFilter(ApplicationFilterChain.java:208)
	at org.apache.catalina.core.StandardWrapperValve.invoke(StandardWrapperValve.java:220)
	at org.apache.catalina.core.StandardContextValve.invoke(StandardContextValve.java:122)
	at org.apache.catalina.authenticator.AuthenticatorBase.invoke(AuthenticatorBase.java:504)
	at org.apache.catalina.core.StandardHostValve.invoke(StandardHostValve.java:170)
	at org.apache.catalina.valves.ErrorReportValve.invoke(ErrorReportValve.java:103)
	at org.apache.catalina.valves.AccessLogValve.invoke(AccessLogValve.java:950)
	at org.apache.catalina.core.StandardEngineValve.invoke(StandardEngineValve.java:116)
	at org.apache.catalina.connector.CoyoteAdapter.service(CoyoteAdapter.java:421)
	at org.apache.coyote.http11.AbstractHttp11Processor.process(AbstractHttp11Processor.java:1074)
	at org.apache.coyote.AbstractProtocol$AbstractConnectionHandler.process(AbstractProtocol.java:611)
	at org.apache.tomcat.util.net.JIoEndpoint$SocketProcessor.run(JIoEndpoint.java:316)
	at java.util.concurrent.ThreadPoolExecutor.runWorker(ThreadPoolExecutor.java:1142)
	at java.util.concurrent.ThreadPoolExecutor$Worker.run(ThreadPoolExecutor.java:617)
	at org.apache.tomcat.util.threads.TaskThread$WrappingRunnable.run(TaskThread.java:61)
	at java.lang.Thread.run(Thread.java:745)
[2017-03-01 13:21:59.778] [ERROR]-[org.apache.struts.actions.DispatchAction.dispatchMethod(DispatchAction.java:267)] -- Action[/android/monitor] does not contain method named 'noticeList'
java.lang.NoSuchMethodException: com.wonders.android.web.MonitorAction.noticeList(org.apache.struts.action.ActionMapping, org.apache.struts.action.ActionForm, javax.servlet.http.HttpServletRequest, javax.servlet.http.HttpServletResponse)
	at java.lang.Class.getMethod(Class.java:1786)
	at org.apache.struts.actions.DispatchAction.getMethod(DispatchAction.java:322)
	at org.apache.struts.actions.DispatchAction.dispatchMethod(DispatchAction.java:262)
	at org.apache.struts.actions.DispatchAction.execute(DispatchAction.java:194)
	at org.springframework.web.struts.DelegatingActionProxy.execute(DelegatingActionProxy.java:106)
	at org.apache.struts.action.RequestProcessor.processActionPerform(RequestProcessor.java:419)
	at org.apache.struts.action.RequestProcessor.process(RequestProcessor.java:224)
	at org.apache.struts.action.ActionServlet.process(ActionServlet.java:1196)
	at com.wonders.esframework.common.servlet.EncodingActionServlet.process(EncodingActionServlet.java:19)
	at org.apache.struts.action.ActionServlet.doGet(ActionServlet.java:414)
	at javax.servlet.http.HttpServlet.service(HttpServlet.java:620)
	at javax.servlet.http.HttpServlet.service(HttpServlet.java:727)
	at org.apache.catalina.core.ApplicationFilterChain.internalDoFilter(ApplicationFilterChain.java:303)
	at org.apache.catalina.core.ApplicationFilterChain.doFilter(ApplicationFilterChain.java:208)
	at org.apache.tomcat.websocket.server.WsFilter.doFilter(WsFilter.java:52)
	at org.apache.catalina.core.ApplicationFilterChain.internalDoFilter(ApplicationFilterChain.java:241)
	at org.apache.catalina.core.ApplicationFilterChain.doFilter(ApplicationFilterChain.java:208)
	at org.apache.catalina.core.StandardWrapperValve.invoke(StandardWrapperValve.java:220)
	at org.apache.catalina.core.StandardContextValve.invoke(StandardContextValve.java:122)
	at org.apache.catalina.authenticator.AuthenticatorBase.invoke(AuthenticatorBase.java:504)
	at org.apache.catalina.core.StandardHostValve.invoke(StandardHostValve.java:170)
	at org.apache.catalina.valves.ErrorReportValve.invoke(ErrorReportValve.java:103)
	at org.apache.catalina.valves.AccessLogValve.invoke(AccessLogValve.java:950)
	at org.apache.catalina.core.StandardEngineValve.invoke(StandardEngineValve.java:116)
	at org.apache.catalina.connector.CoyoteAdapter.service(CoyoteAdapter.java:421)
	at org.apache.coyote.http11.AbstractHttp11Processor.process(AbstractHttp11Processor.java:1074)
	at org.apache.coyote.AbstractProtocol$AbstractConnectionHandler.process(AbstractProtocol.java:611)
	at org.apache.tomcat.util.net.JIoEndpoint$SocketProcessor.run(JIoEndpoint.java:314)
	at java.util.concurrent.ThreadPoolExecutor.runWorker(ThreadPoolExecutor.java:1142)
	at java.util.concurrent.ThreadPoolExecutor$Worker.run(ThreadPoolExecutor.java:617)
	at org.apache.tomcat.util.threads.TaskThread$WrappingRunnable.run(TaskThread.java:61)
	at java.lang.Thread.run(Thread.java:745)
[2017-03-01 13:22:01.127] [ERROR]-[org.apache.struts.actions.DispatchAction.dispatchMethod(DispatchAction.java:267)] -- Action[/android/monitor] does not contain method named 'noticeList'
java.lang.NoSuchMethodException: com.wonders.android.web.MonitorAction.noticeList(org.apache.struts.action.ActionMapping, org.apache.struts.action.ActionForm, javax.servlet.http.HttpServletRequest, javax.servlet.http.HttpServletResponse)
	at java.lang.Class.getMethod(Class.java:1786)
	at org.apache.struts.actions.DispatchAction.getMethod(DispatchAction.java:322)
	at org.apache.struts.actions.DispatchAction.dispatchMethod(DispatchAction.java:262)
	at org.apache.struts.actions.DispatchAction.execute(DispatchAction.java:194)
	at org.springframework.web.struts.DelegatingActionProxy.execute(DelegatingActionProxy.java:106)
	at org.apache.struts.action.RequestProcessor.processActionPerform(RequestProcessor.java:419)
	at org.apache.struts.action.RequestProcessor.process(RequestProcessor.java:224)
	at org.apache.struts.action.ActionServlet.process(ActionServlet.java:1196)
	at com.wonders.esframework.common.servlet.EncodingActionServlet.process(EncodingActionServlet.java:19)
	at org.apache.struts.action.ActionServlet.doGet(ActionServlet.java:414)
	at javax.servlet.http.HttpServlet.service(HttpServlet.java:620)
	at javax.servlet.http.HttpServlet.service(HttpServlet.java:727)
	at org.apache.catalina.core.ApplicationFilterChain.internalDoFilter(ApplicationFilterChain.java:303)
	at org.apache.catalina.core.ApplicationFilterChain.doFilter(ApplicationFilterChain.java:208)
	at org.apache.tomcat.websocket.server.WsFilter.doFilter(WsFilter.java:52)
	at org.apache.catalina.core.ApplicationFilterChain.internalDoFilter(ApplicationFilterChain.java:241)
	at org.apache.catalina.core.ApplicationFilterChain.doFilter(ApplicationFilterChain.java:208)
	at org.apache.catalina.core.StandardWrapperValve.invoke(StandardWrapperValve.java:220)
	at org.apache.catalina.core.StandardContextValve.invoke(StandardContextValve.java:122)
	at org.apache.catalina.authenticator.AuthenticatorBase.invoke(AuthenticatorBase.java:504)
	at org.apache.catalina.core.StandardHostValve.invoke(StandardHostValve.java:170)
	at org.apache.catalina.valves.ErrorReportValve.invoke(ErrorReportValve.java:103)
	at org.apache.catalina.valves.AccessLogValve.invoke(AccessLogValve.java:950)
	at org.apache.catalina.core.StandardEngineValve.invoke(StandardEngineValve.java:116)
	at org.apache.catalina.connector.CoyoteAdapter.service(CoyoteAdapter.java:421)
	at org.apache.coyote.http11.AbstractHttp11Processor.process(AbstractHttp11Processor.java:1074)
	at org.apache.coyote.AbstractProtocol$AbstractConnectionHandler.process(AbstractProtocol.java:611)
	at org.apache.tomcat.util.net.JIoEndpoint$SocketProcessor.run(JIoEndpoint.java:314)
	at java.util.concurrent.ThreadPoolExecutor.runWorker(ThreadPoolExecutor.java:1142)
	at java.util.concurrent.ThreadPoolExecutor$Worker.run(ThreadPoolExecutor.java:617)
	at org.apache.tomcat.util.threads.TaskThread$WrappingRunnable.run(TaskThread.java:61)
	at java.lang.Thread.run(Thread.java:745)
[2017-03-14 10:33:12.057] [ERROR]-[org.apache.struts.actions.DispatchAction.dispatchMethod(DispatchAction.java:267)] -- Action[/android/monitor] does not contain method named 'noticeList'
java.lang.NoSuchMethodException: com.wonders.android.web.MonitorAction.noticeList(org.apache.struts.action.ActionMapping, org.apache.struts.action.ActionForm, javax.servlet.http.HttpServletRequest, javax.servlet.http.HttpServletResponse)
	at java.lang.Class.getMethod(Class.java:1786)
	at org.apache.struts.actions.DispatchAction.getMethod(DispatchAction.java:322)
	at org.apache.struts.actions.DispatchAction.dispatchMethod(DispatchAction.java:262)
	at org.apache.struts.actions.DispatchAction.execute(DispatchAction.java:194)
	at org.springframework.web.struts.DelegatingActionProxy.execute(DelegatingActionProxy.java:106)
	at org.apache.struts.action.RequestProcessor.processActionPerform(RequestProcessor.java:419)
	at org.apache.struts.action.RequestProcessor.process(RequestProcessor.java:224)
	at org.apache.struts.action.ActionServlet.process(ActionServlet.java:1196)
	at com.wonders.esframework.common.servlet.EncodingActionServlet.process(EncodingActionServlet.java:19)
	at org.apache.struts.action.ActionServlet.doGet(ActionServlet.java:414)
	at javax.servlet.http.HttpServlet.service(HttpServlet.java:620)
	at javax.servlet.http.HttpServlet.service(HttpServlet.java:727)
	at org.apache.catalina.core.ApplicationFilterChain.internalDoFilter(ApplicationFilterChain.java:303)
	at org.apache.catalina.core.ApplicationFilterChain.doFilter(ApplicationFilterChain.java:208)
	at org.apache.tomcat.websocket.server.WsFilter.doFilter(WsFilter.java:52)
	at org.apache.catalina.core.ApplicationFilterChain.internalDoFilter(ApplicationFilterChain.java:241)
	at org.apache.catalina.core.ApplicationFilterChain.doFilter(ApplicationFilterChain.java:208)
	at org.apache.catalina.core.StandardWrapperValve.invoke(StandardWrapperValve.java:220)
	at org.apache.catalina.core.StandardContextValve.invoke(StandardContextValve.java:122)
	at org.apache.catalina.authenticator.AuthenticatorBase.invoke(AuthenticatorBase.java:504)
	at org.apache.catalina.core.StandardHostValve.invoke(StandardHostValve.java:170)
	at org.apache.catalina.valves.ErrorReportValve.invoke(ErrorReportValve.java:103)
	at org.apache.catalina.valves.AccessLogValve.invoke(AccessLogValve.java:950)
	at org.apache.catalina.core.StandardEngineValve.invoke(StandardEngineValve.java:116)
	at org.apache.catalina.connector.CoyoteAdapter.service(CoyoteAdapter.java:421)
	at org.apache.coyote.http11.AbstractHttp11Processor.process(AbstractHttp11Processor.java:1074)
	at org.apache.coyote.AbstractProtocol$AbstractConnectionHandler.process(AbstractProtocol.java:611)
	at org.apache.tomcat.util.net.JIoEndpoint$SocketProcessor.run(JIoEndpoint.java:314)
	at java.util.concurrent.ThreadPoolExecutor.runWorker(ThreadPoolExecutor.java:1142)
	at java.util.concurrent.ThreadPoolExecutor$Worker.run(ThreadPoolExecutor.java:617)
	at org.apache.tomcat.util.threads.TaskThread$WrappingRunnable.run(TaskThread.java:61)
	at java.lang.Thread.run(Thread.java:745)
[2017-03-14 10:38:13.301] [ERROR]-[org.hibernate.util.JDBCExceptionReporter.logExceptions(JDBCExceptionReporter.java:72)] -- ORA-00904: "TDSCCORPIN0_"."END_DATE": ?????

[2017-03-14 10:41:53.833] [ERROR]-[org.apache.struts.actions.DispatchAction.dispatchMethod(DispatchAction.java:267)] -- Action[/android/monitor] does not contain method named 'noticeList'
java.lang.NoSuchMethodException: com.wonders.android.web.MonitorAction.noticeList(org.apache.struts.action.ActionMapping, org.apache.struts.action.ActionForm, javax.servlet.http.HttpServletRequest, javax.servlet.http.HttpServletResponse)
	at java.lang.Class.getMethod(Class.java:1786)
	at org.apache.struts.actions.DispatchAction.getMethod(DispatchAction.java:322)
	at org.apache.struts.actions.DispatchAction.dispatchMethod(DispatchAction.java:262)
	at org.apache.struts.actions.DispatchAction.execute(DispatchAction.java:194)
	at org.springframework.web.struts.DelegatingActionProxy.execute(DelegatingActionProxy.java:106)
	at org.apache.struts.action.RequestProcessor.processActionPerform(RequestProcessor.java:419)
	at org.apache.struts.action.RequestProcessor.process(RequestProcessor.java:224)
	at org.apache.struts.action.ActionServlet.process(ActionServlet.java:1196)
	at com.wonders.esframework.common.servlet.EncodingActionServlet.process(EncodingActionServlet.java:19)
	at org.apache.struts.action.ActionServlet.doGet(ActionServlet.java:414)
	at javax.servlet.http.HttpServlet.service(HttpServlet.java:620)
	at javax.servlet.http.HttpServlet.service(HttpServlet.java:727)
	at org.apache.catalina.core.ApplicationFilterChain.internalDoFilter(ApplicationFilterChain.java:303)
	at org.apache.catalina.core.ApplicationFilterChain.doFilter(ApplicationFilterChain.java:208)
	at org.apache.tomcat.websocket.server.WsFilter.doFilter(WsFilter.java:52)
	at org.apache.catalina.core.ApplicationFilterChain.internalDoFilter(ApplicationFilterChain.java:241)
	at org.apache.catalina.core.ApplicationFilterChain.doFilter(ApplicationFilterChain.java:208)
	at org.apache.catalina.core.StandardWrapperValve.invoke(StandardWrapperValve.java:220)
	at org.apache.catalina.core.StandardContextValve.invoke(StandardContextValve.java:122)
	at org.apache.catalina.authenticator.AuthenticatorBase.invoke(AuthenticatorBase.java:504)
	at org.apache.catalina.core.StandardHostValve.invoke(StandardHostValve.java:170)
	at org.apache.catalina.valves.ErrorReportValve.invoke(ErrorReportValve.java:103)
	at org.apache.catalina.valves.AccessLogValve.invoke(AccessLogValve.java:950)
	at org.apache.catalina.core.StandardEngineValve.invoke(StandardEngineValve.java:116)
	at org.apache.catalina.connector.CoyoteAdapter.service(CoyoteAdapter.java:421)
	at org.apache.coyote.http11.AbstractHttp11Processor.process(AbstractHttp11Processor.java:1074)
	at org.apache.coyote.AbstractProtocol$AbstractConnectionHandler.process(AbstractProtocol.java:611)
	at org.apache.tomcat.util.net.JIoEndpoint$SocketProcessor.run(JIoEndpoint.java:316)
	at java.util.concurrent.ThreadPoolExecutor.runWorker(ThreadPoolExecutor.java:1142)
	at java.util.concurrent.ThreadPoolExecutor$Worker.run(ThreadPoolExecutor.java:617)
	at org.apache.tomcat.util.threads.TaskThread$WrappingRunnable.run(TaskThread.java:61)
	at java.lang.Thread.run(Thread.java:745)
[2017-03-14 10:41:58.562] [ERROR]-[org.apache.struts.actions.DispatchAction.dispatchMethod(DispatchAction.java:267)] -- Action[/android/monitor] does not contain method named 'NoticeList'
java.lang.NoSuchMethodException: com.wonders.android.web.MonitorAction.NoticeList(org.apache.struts.action.ActionMapping, org.apache.struts.action.ActionForm, javax.servlet.http.HttpServletRequest, javax.servlet.http.HttpServletResponse)
	at java.lang.Class.getMethod(Class.java:1786)
	at org.apache.struts.actions.DispatchAction.getMethod(DispatchAction.java:322)
	at org.apache.struts.actions.DispatchAction.dispatchMethod(DispatchAction.java:262)
	at org.apache.struts.actions.DispatchAction.execute(DispatchAction.java:194)
	at org.springframework.web.struts.DelegatingActionProxy.execute(DelegatingActionProxy.java:106)
	at org.apache.struts.action.RequestProcessor.processActionPerform(RequestProcessor.java:419)
	at org.apache.struts.action.RequestProcessor.process(RequestProcessor.java:224)
	at org.apache.struts.action.ActionServlet.process(ActionServlet.java:1196)
	at com.wonders.esframework.common.servlet.EncodingActionServlet.process(EncodingActionServlet.java:19)
	at org.apache.struts.action.ActionServlet.doGet(ActionServlet.java:414)
	at javax.servlet.http.HttpServlet.service(HttpServlet.java:620)
	at javax.servlet.http.HttpServlet.service(HttpServlet.java:727)
	at org.apache.catalina.core.ApplicationFilterChain.internalDoFilter(ApplicationFilterChain.java:303)
	at org.apache.catalina.core.ApplicationFilterChain.doFilter(ApplicationFilterChain.java:208)
	at org.apache.tomcat.websocket.server.WsFilter.doFilter(WsFilter.java:52)
	at org.apache.catalina.core.ApplicationFilterChain.internalDoFilter(ApplicationFilterChain.java:241)
	at org.apache.catalina.core.ApplicationFilterChain.doFilter(ApplicationFilterChain.java:208)
	at org.apache.catalina.core.StandardWrapperValve.invoke(StandardWrapperValve.java:220)
	at org.apache.catalina.core.StandardContextValve.invoke(StandardContextValve.java:122)
	at org.apache.catalina.authenticator.AuthenticatorBase.invoke(AuthenticatorBase.java:504)
	at org.apache.catalina.core.StandardHostValve.invoke(StandardHostValve.java:170)
	at org.apache.catalina.valves.ErrorReportValve.invoke(ErrorReportValve.java:103)
	at org.apache.catalina.valves.AccessLogValve.invoke(AccessLogValve.java:950)
	at org.apache.catalina.core.StandardEngineValve.invoke(StandardEngineValve.java:116)
	at org.apache.catalina.connector.CoyoteAdapter.service(CoyoteAdapter.java:421)
	at org.apache.coyote.http11.AbstractHttp11Processor.process(AbstractHttp11Processor.java:1074)
	at org.apache.coyote.AbstractProtocol$AbstractConnectionHandler.process(AbstractProtocol.java:611)
	at org.apache.tomcat.util.net.JIoEndpoint$SocketProcessor.run(JIoEndpoint.java:316)
	at java.util.concurrent.ThreadPoolExecutor.runWorker(ThreadPoolExecutor.java:1142)
	at java.util.concurrent.ThreadPoolExecutor$Worker.run(ThreadPoolExecutor.java:617)
	at org.apache.tomcat.util.threads.TaskThread$WrappingRunnable.run(TaskThread.java:61)
	at java.lang.Thread.run(Thread.java:745)
[2017-03-15 09:30:41.667] [ERROR]-[org.hibernate.util.JDBCExceptionReporter.logExceptions(JDBCExceptionReporter.java:72)] -- ORA-00904: "XUHAO": ?????

[2017-03-15 09:30:46.401] [ERROR]-[org.hibernate.util.JDBCExceptionReporter.logExceptions(JDBCExceptionReporter.java:72)] -- ORA-00904: "XUHAO": ?????

[2017-03-15 09:32:53.366] [ERROR]-[org.hibernate.util.JDBCExceptionReporter.logExceptions(JDBCExceptionReporter.java:72)] -- ORA-00904: "XUHAO": ?????

[2017-03-15 09:35:07.826] [ERROR]-[org.hibernate.util.JDBCExceptionReporter.logExceptions(JDBCExceptionReporter.java:72)] -- ORA-00904: "XUHAO": ?????

[2017-03-15 09:35:11.046] [ERROR]-[org.hibernate.util.JDBCExceptionReporter.logExceptions(JDBCExceptionReporter.java:72)] -- ORA-00904: "XUHAO": ?????

[2017-03-15 09:37:00.309] [ERROR]-[org.quartz.core.JobRunShell.run(JobRunShell.java:211)] -- Job DEFAULT.J1220337269430 threw an unhandled Exception: 
java.lang.NullPointerException
	at com.wonders.wsjy.service.JobServer.<init>(JobServer.java:23)
	at com.wonders.tdsc.scheduler.task2job.CheckYxBlockJob.execute(CheckYxBlockJob.java:15)
	at org.quartz.core.JobRunShell.run(JobRunShell.java:202)
	at org.quartz.simpl.SimpleThreadPool$WorkerThread.run(SimpleThreadPool.java:531)
[2017-03-15 09:37:00.320] [ERROR]-[org.quartz.core.ErrorLogger.schedulerError(QuartzScheduler.java:2181)] -- Job (DEFAULT.J1220337269430 threw an exception.
org.quartz.SchedulerException: Job threw an unhandled exception. [See nested exception: java.lang.NullPointerException]
	at org.quartz.core.JobRunShell.run(JobRunShell.java:213)
	at org.quartz.simpl.SimpleThreadPool$WorkerThread.run(SimpleThreadPool.java:531)
Caused by: java.lang.NullPointerException
	at com.wonders.wsjy.service.JobServer.<init>(JobServer.java:23)
	at com.wonders.tdsc.scheduler.task2job.CheckYxBlockJob.execute(CheckYxBlockJob.java:15)
	at org.quartz.core.JobRunShell.run(JobRunShell.java:202)
	... 1 more
[2017-03-15 09:37:13.787] [ERROR]-[org.hibernate.util.JDBCExceptionReporter.logExceptions(JDBCExceptionReporter.java:72)] -- ORA-00904: "XUHAO": ?????

[2017-03-17 10:55:53.482] [ERROR]-[org.hibernate.util.JDBCExceptionReporter.logExceptions(JDBCExceptionReporter.java:72)] -- ORA-00904: "TDSCCORPIN0_"."END_DATE": ?????

[2017-03-17 10:56:29.628] [ERROR]-[org.hibernate.util.JDBCExceptionReporter.logExceptions(JDBCExceptionReporter.java:72)] -- ORA-00904: "TDSCCORPIN0_"."END_DATE": ?????

[2017-03-17 10:56:53.477] [ERROR]-[org.hibernate.util.JDBCExceptionReporter.logExceptions(JDBCExceptionReporter.java:72)] -- ORA-00904: "TDSCCORPIN0_"."END_DATE": ?????

[2017-03-17 10:57:46.121] [ERROR]-[org.hibernate.util.JDBCExceptionReporter.logExceptions(JDBCExceptionReporter.java:72)] -- ORA-00904: "TDSCCORPIN0_"."END_DATE": ?????

[2017-03-17 10:58:32.157] [ERROR]-[org.hibernate.util.JDBCExceptionReporter.logExceptions(JDBCExceptionReporter.java:72)] -- ORA-00904: "TDSCCORPIN0_"."END_DATE": ?????

[2017-03-17 10:58:43.947] [ERROR]-[org.hibernate.util.JDBCExceptionReporter.logExceptions(JDBCExceptionReporter.java:72)] -- ORA-00904: "TDSCCORPIN0_"."END_DATE": ?????

[2017-03-17 11:04:19.605] [ERROR]-[org.hibernate.util.JDBCExceptionReporter.logExceptions(JDBCExceptionReporter.java:72)] -- ORA-00904: "TDSCCORPIN0_"."END_DATE": ?????

[2017-03-17 11:05:01.238] [ERROR]-[org.hibernate.util.JDBCExceptionReporter.logExceptions(JDBCExceptionReporter.java:72)] -- ORA-00904: "TDSCCORPIN0_"."END_DATE": ?????

[2017-03-17 11:05:30.862] [ERROR]-[org.hibernate.util.JDBCExceptionReporter.logExceptions(JDBCExceptionReporter.java:72)] -- ORA-00904: "TDSCCORPIN0_"."END_DATE": ?????

[2017-03-17 11:21:00.027] [ERROR]-[org.quartz.core.JobRunShell.run(JobRunShell.java:211)] -- Job DEFAULT.J1220337269430 threw an unhandled Exception: 
java.lang.NullPointerException
	at com.wonders.wsjy.service.JobServer.<init>(JobServer.java:23)
	at com.wonders.tdsc.scheduler.task2job.CheckYxBlockJob.execute(CheckYxBlockJob.java:15)
	at org.quartz.core.JobRunShell.run(JobRunShell.java:202)
	at org.quartz.simpl.SimpleThreadPool$WorkerThread.run(SimpleThreadPool.java:531)
[2017-03-17 11:21:00.054] [ERROR]-[org.quartz.core.ErrorLogger.schedulerError(QuartzScheduler.java:2181)] -- Job (DEFAULT.J1220337269430 threw an exception.
org.quartz.SchedulerException: Job threw an unhandled exception. [See nested exception: java.lang.NullPointerException]
	at org.quartz.core.JobRunShell.run(JobRunShell.java:213)
	at org.quartz.simpl.SimpleThreadPool$WorkerThread.run(SimpleThreadPool.java:531)
Caused by: java.lang.NullPointerException
	at com.wonders.wsjy.service.JobServer.<init>(JobServer.java:23)
	at com.wonders.tdsc.scheduler.task2job.CheckYxBlockJob.execute(CheckYxBlockJob.java:15)
	at org.quartz.core.JobRunShell.run(JobRunShell.java:202)
	... 1 more
[2017-03-28 14:18:00.084] [ERROR]-[org.quartz.core.JobRunShell.run(JobRunShell.java:211)] -- Job DEFAULT.J1220337269430 threw an unhandled Exception: 
java.lang.NullPointerException
	at com.wonders.wsjy.service.JobServer.<init>(JobServer.java:23)
	at com.wonders.tdsc.scheduler.task2job.CheckYxBlockJob.execute(CheckYxBlockJob.java:15)
	at org.quartz.core.JobRunShell.run(JobRunShell.java:202)
	at org.quartz.simpl.SimpleThreadPool$WorkerThread.run(SimpleThreadPool.java:531)
[2017-03-28 14:18:00.119] [ERROR]-[org.quartz.core.ErrorLogger.schedulerError(QuartzScheduler.java:2181)] -- Job (DEFAULT.J1220337269430 threw an exception.
org.quartz.SchedulerException: Job threw an unhandled exception. [See nested exception: java.lang.NullPointerException]
	at org.quartz.core.JobRunShell.run(JobRunShell.java:213)
	at org.quartz.simpl.SimpleThreadPool$WorkerThread.run(SimpleThreadPool.java:531)
Caused by: java.lang.NullPointerException
	at com.wonders.wsjy.service.JobServer.<init>(JobServer.java:23)
	at com.wonders.tdsc.scheduler.task2job.CheckYxBlockJob.execute(CheckYxBlockJob.java:15)
	at org.quartz.core.JobRunShell.run(JobRunShell.java:202)
	... 1 more
